[2024-07-07T12:01:26.456] [DEBUG] app - Server running on 8081
[2024-07-07T12:01:26.548] [DEBUG] app - Connected succesfully
[2024-07-07T12:01:37.096] [DEBUG] app - Server running on 8081
[2024-07-07T12:01:37.144] [DEBUG] app - Connected succesfully
[2024-07-07T12:01:49.304] [DEBUG] app - Server running on 8081
[2024-07-07T12:01:49.351] [DEBUG] app - Connected succesfully
[2024-07-07T12:01:52.419] [DEBUG] app - Server running on 8081
[2024-07-07T12:01:52.464] [DEBUG] app - Connected succesfully
[2024-07-07T12:01:55.419] [DEBUG] app - Server running on 8081
[2024-07-07T12:01:55.491] [DEBUG] app - Connected succesfully
[2024-07-07T12:01:56.463] [DEBUG] app - Server running on 8081
[2024-07-07T12:01:56.508] [DEBUG] app - Connected succesfully
[2024-07-07T12:02:01.836] [DEBUG] app - Server running on 8081
[2024-07-07T12:02:01.969] [DEBUG] app - Connected succesfully
[2024-07-07T12:02:12.448] [DEBUG] app - Server running on 8081
[2024-07-07T12:02:12.492] [DEBUG] app - Connected succesfully
[2024-07-07T12:02:14.271] [DEBUG] app - Server running on 8081
[2024-07-07T12:02:14.319] [DEBUG] app - Connected succesfully
[2024-07-07T12:02:26.905] [DEBUG] app - Server running on 8081
[2024-07-07T12:02:26.954] [DEBUG] app - Connected succesfully
[2024-07-07T12:02:30.057] [DEBUG] app - Server running on 8081
[2024-07-07T12:02:30.103] [DEBUG] app - Connected succesfully
[2024-07-07T12:02:44.034] [DEBUG] app - Server running on 8081
[2024-07-07T12:02:44.080] [DEBUG] app - Connected succesfully
[2024-07-07T12:02:50.626] [DEBUG] app - Server running on 8081
[2024-07-07T12:02:50.665] [DEBUG] app - Connected succesfully
[2024-07-07T12:02:53.303] [DEBUG] app - Server running on 8081
[2024-07-07T12:02:53.357] [DEBUG] app - Connected succesfully
[2024-07-07T12:02:55.390] [DEBUG] app - Server running on 8081
[2024-07-07T12:02:55.435] [DEBUG] app - Connected succesfully
[2024-07-07T12:02:59.489] [DEBUG] app - Server running on 8081
[2024-07-07T12:02:59.540] [DEBUG] app - Connected succesfully
[2024-07-07T12:03:05.104] [DEBUG] app - Server running on 8081
[2024-07-07T12:03:05.155] [DEBUG] app - Connected succesfully
[2024-07-07T12:03:10.325] [DEBUG] app - Server running on 8081
[2024-07-07T12:03:10.481] [DEBUG] app - Connected succesfully
[2024-07-07T12:03:12.140] [DEBUG] app - Server running on 8081
[2024-07-07T12:03:12.185] [DEBUG] app - Connected succesfully
[2024-07-07T12:03:18.062] [DEBUG] app - Server running on 8081
[2024-07-07T12:03:18.105] [DEBUG] app - Connected succesfully
[2024-07-07T12:03:23.112] [DEBUG] app - Server running on 8081
[2024-07-07T12:03:23.167] [DEBUG] app - Connected succesfully
[2024-07-07T12:03:30.690] [DEBUG] app - Server running on 8081
[2024-07-07T12:03:30.733] [DEBUG] app - Connected succesfully
[2024-07-07T12:03:40.389] [DEBUG] app - Server running on 8081
[2024-07-07T12:03:40.478] [DEBUG] app - Connected succesfully
[2024-07-07T12:03:41.653] [DEBUG] app - Server running on 8081
[2024-07-07T12:03:41.704] [DEBUG] app - Connected succesfully
[2024-07-07T12:03:48.602] [DEBUG] app - Server running on 8081
[2024-07-07T12:03:48.647] [DEBUG] app - Connected succesfully
[2024-07-07T12:03:59.242] [DEBUG] app - Server running on 8081
[2024-07-07T12:03:59.294] [DEBUG] app - Connected succesfully
[2024-07-07T12:04:01.551] [DEBUG] app - Server running on 8081
[2024-07-07T12:04:01.588] [DEBUG] app - Connected succesfully
[2024-07-07T12:04:12.037] [DEBUG] app - Server running on 8081
[2024-07-07T12:04:12.079] [DEBUG] app - Connected succesfully
[2024-07-07T12:04:15.651] [DEBUG] app - Server running on 8081
[2024-07-07T12:04:15.689] [DEBUG] app - Connected succesfully
[2024-07-07T12:04:22.921] [DEBUG] app - Server running on 8081
[2024-07-07T12:04:22.959] [DEBUG] app - Connected succesfully
[2024-07-07T12:05:11.061] [DEBUG] app - Server running on 8081
[2024-07-07T12:05:11.106] [DEBUG] app - Connected succesfully
[2024-07-07T12:05:17.588] [DEBUG] app - Server running on 8081
[2024-07-07T12:05:17.635] [DEBUG] app - Connected succesfully
[2024-07-07T12:05:19.061] [DEBUG] app - Server running on 8081
[2024-07-07T12:05:19.125] [DEBUG] app - Connected succesfully
[2024-07-07T12:05:31.027] [DEBUG] app - Server running on 8081
[2024-07-07T12:05:31.078] [DEBUG] app - Connected succesfully
[2024-07-07T12:05:33.448] [DEBUG] app - Server running on 8081
[2024-07-07T12:05:33.488] [DEBUG] app - Connected succesfully
[2024-07-07T12:05:36.747] [DEBUG] app - Server running on 8081
[2024-07-07T12:05:36.792] [DEBUG] app - Connected succesfully
[2024-07-07T12:05:40.714] [DEBUG] app - Server running on 8081
[2024-07-07T12:05:40.761] [DEBUG] app - Connected succesfully
[2024-07-07T12:05:43.325] [DEBUG] app - Server running on 8081
[2024-07-07T12:05:43.368] [DEBUG] app - Connected succesfully
[2024-07-07T12:05:46.896] [DEBUG] app - Server running on 8081
[2024-07-07T12:05:46.948] [DEBUG] app - Connected succesfully
[2024-07-07T12:05:48.609] [DEBUG] app - Server running on 8081
[2024-07-07T12:05:48.654] [DEBUG] app - Connected succesfully
[2024-07-07T12:05:50.560] [DEBUG] app - Server running on 8081
[2024-07-07T12:05:50.601] [DEBUG] app - Connected succesfully
[2024-07-07T12:05:53.963] [DEBUG] app - Server running on 8081
[2024-07-07T12:05:54.008] [DEBUG] app - Connected succesfully
[2024-07-07T12:05:59.075] [DEBUG] app - Server running on 8081
[2024-07-07T12:05:59.121] [DEBUG] app - Connected succesfully
[2024-07-07T12:06:00.952] [DEBUG] app - Server running on 8081
[2024-07-07T12:06:00.994] [DEBUG] app - Connected succesfully
[2024-07-07T12:06:06.598] [DEBUG] app - Server running on 8081
[2024-07-07T12:06:06.668] [DEBUG] app - Connected succesfully
[2024-07-07T12:06:15.102] [DEBUG] app - Server running on 8081
[2024-07-07T12:06:15.151] [DEBUG] app - Connected succesfully
[2024-07-07T12:06:17.066] [DEBUG] app - Server running on 8081
[2024-07-07T12:06:17.111] [DEBUG] app - Connected succesfully
[2024-07-07T12:06:20.796] [DEBUG] app - Server running on 8081
[2024-07-07T12:06:20.870] [DEBUG] app - Connected succesfully
[2024-07-07T12:06:22.481] [DEBUG] app - Server running on 8081
[2024-07-07T12:06:22.529] [DEBUG] app - Connected succesfully
[2024-07-07T12:06:24.192] [DEBUG] app - Server running on 8081
[2024-07-07T12:06:24.241] [DEBUG] app - Connected succesfully
[2024-07-07T12:06:27.607] [DEBUG] app - Server running on 8081
[2024-07-07T12:06:27.652] [DEBUG] app - Connected succesfully
[2024-07-07T12:06:35.958] [DEBUG] app - Server running on 8081
[2024-07-07T12:06:36.008] [DEBUG] app - Connected succesfully
[2024-07-07T12:06:47.780] [DEBUG] app - Server running on 8081
[2024-07-07T12:06:47.820] [DEBUG] app - Connected succesfully
[2024-07-07T12:07:07.884] [DEBUG] app - Server running on 8081
[2024-07-07T12:07:07.935] [DEBUG] app - Connected succesfully
[2024-07-07T12:07:19.910] [DEBUG] app - Server running on 8081
[2024-07-07T12:07:19.969] [DEBUG] app - Connected succesfully
[2024-07-07T12:07:21.879] [DEBUG] app - Server running on 8081
[2024-07-07T12:07:21.920] [DEBUG] app - Connected succesfully
[2024-07-07T12:07:23.601] [DEBUG] app - Server running on 8081
[2024-07-07T12:07:23.642] [DEBUG] app - Connected succesfully
[2024-07-07T12:07:31.648] [DEBUG] app - Server running on 8081
[2024-07-07T12:07:31.689] [DEBUG] app - Connected succesfully
[2024-07-07T12:07:34.573] [DEBUG] app - Server running on 8081
[2024-07-07T12:07:34.658] [DEBUG] app - Connected succesfully
[2024-07-07T12:07:36.410] [DEBUG] app - Server running on 8081
[2024-07-07T12:07:36.451] [DEBUG] app - Connected succesfully
[2024-07-07T12:07:37.987] [DEBUG] app - Server running on 8081
[2024-07-07T12:07:38.028] [DEBUG] app - Connected succesfully
[2024-07-07T12:07:40.390] [DEBUG] app - Server running on 8081
[2024-07-07T12:07:40.433] [DEBUG] app - Connected succesfully
[2024-07-07T12:07:50.825] [DEBUG] app - Server running on 8081
[2024-07-07T12:07:50.868] [DEBUG] app - Connected succesfully
[2024-07-07T12:07:53.491] [DEBUG] app - Server running on 8081
[2024-07-07T12:07:53.533] [DEBUG] app - Connected succesfully
[2024-07-07T12:07:56.362] [DEBUG] app - Server running on 8081
[2024-07-07T12:07:56.398] [DEBUG] app - Connected succesfully
[2024-07-07T12:07:58.375] [DEBUG] app - Server running on 8081
[2024-07-07T12:07:58.412] [DEBUG] app - Connected succesfully
[2024-07-07T12:08:43.282] [DEBUG] app - Server running on 8081
[2024-07-07T12:08:43.338] [DEBUG] app - Connected succesfully
[2024-07-07T12:08:49.595] [DEBUG] app - Server running on 8081
[2024-07-07T12:08:49.639] [DEBUG] app - Connected succesfully
[2024-07-07T12:08:52.802] [DEBUG] app - Server running on 8081
[2024-07-07T12:08:52.878] [DEBUG] app - Connected succesfully
[2024-07-07T12:08:53.929] [DEBUG] app - Server running on 8081
[2024-07-07T12:08:53.979] [DEBUG] app - Connected succesfully
[2024-07-07T12:08:55.206] [DEBUG] app - Server running on 8081
[2024-07-07T12:08:55.254] [DEBUG] app - Connected succesfully
[2024-07-07T12:08:59.206] [DEBUG] app - Server running on 8081
[2024-07-07T12:08:59.249] [DEBUG] app - Connected succesfully
[2024-07-07T12:09:16.286] [DEBUG] app - Server running on 8081
[2024-07-07T12:09:16.324] [DEBUG] app - Connected succesfully
[2024-07-07T14:35:16.785] [DEBUG] app - Server running on 8081
[2024-07-07T14:35:16.824] [DEBUG] app - Connected succesfully
[2024-07-07T14:42:33.981] [DEBUG] app - Server running on 8081
[2024-07-07T14:43:03.983] [DEBUG] app - Connect failure MongooseServerSelectionError: connection timed out
    at NativeConnection.Connection.openUri (H:\YoutubeSharing\App\node_modules\mongoose\lib\connection.js:847:32)
    at H:\YoutubeSharing\App\node_modules\mongoose\lib\index.js:351:10
    at H:\YoutubeSharing\App\node_modules\mongoose\lib\helpers\promiseOrCallback.js:32:5
    at new Promise (<anonymous>)
    at promiseOrCallback (H:\YoutubeSharing\App\node_modules\mongoose\lib\helpers\promiseOrCallback.js:31:10)
    at Mongoose._promiseOrCallback (H:\YoutubeSharing\App\node_modules\mongoose\lib\index.js:1149:10)
    at Mongoose.connect (H:\YoutubeSharing\App\node_modules\mongoose\lib\index.js:350:20)
    at Object.connect (H:\YoutubeSharing\App\src\services\mongo.js:6:20)
    at Object.<anonymous> (H:\YoutubeSharing\App\src\index.js:11:7)
    at Module._compile (internal/modules/cjs/loader.js:936:30)
    at Object.Module._extensions..js (internal/modules/cjs/loader.js:947:10)
    at Module.load (internal/modules/cjs/loader.js:790:32)
    at Function.Module._load (internal/modules/cjs/loader.js:703:12)
    at Function.Module.runMain (internal/modules/cjs/loader.js:999:10)
    at internal/main/run_main_module.js:17:11 {
  message: 'connection timed out',
  reason: TopologyDescription {
    type: 'Single',
    setName: null,
    maxSetVersion: null,
    maxElectionId: null,
    servers: Map { '172.21.56.36:27017' => [ServerDescription] },
    stale: false,
    compatible: true,
    compatibilityError: null,
    logicalSessionTimeoutMinutes: null,
    heartbeatFrequencyMS: 10000,
    localThresholdMS: 15,
    commonWireVersion: null
  }
}
[2024-07-07T14:43:09.854] [ERROR] app - login error:  MongooseError: Operation `users.findOne()` buffering timed out after 10000ms
    at Timeout.<anonymous> (H:\YoutubeSharing\App\node_modules\mongoose\lib\drivers\node-mongodb-native\collection.js:198:23)
    at listOnTimeout (internal/timers.js:531:17)
    at processTimers (internal/timers.js:475:7)
[2024-07-07T14:43:11.635] [ERROR] app - login error:  MongooseError: Operation `users.findOne()` buffering timed out after 10000ms
    at Timeout.<anonymous> (H:\YoutubeSharing\App\node_modules\mongoose\lib\drivers\node-mongodb-native\collection.js:198:23)
    at listOnTimeout (internal/timers.js:531:17)
    at processTimers (internal/timers.js:475:7)
[2024-07-07T14:44:30.134] [DEBUG] app - Server running on 8081
[2024-07-07T14:44:30.171] [DEBUG] app - Connected succesfully
